\BOOKMARK [1][-]{section.1}{\376\377\000I\000n\000t\000r\000o\000d\000u\000c\000t\000i\000o\000n}{}% 1
\BOOKMARK [1][-]{section.2}{\376\377\000S\000y\000s\000t\000e\000m\000\040\000A\000r\000c\000h\000i\000t\000e\000c\000t\000u\000r\000e}{}% 2
\BOOKMARK [2][-]{subsection.2.1}{\376\377\000T\000h\000e\000\040\000M\000u\000l\000t\000i\000-\000T\000i\000e\000r\000\040\000I\000n\000f\000e\000r\000e\000n\000c\000e\000\040\000S\000t\000a\000c\000k\000\040\000\050\000T\000h\000e\000\040\000S\000w\000a\000p\000-\000D\000e\000c\000k\000\051}{section.2}% 3
\BOOKMARK [2][-]{subsection.2.2}{\376\377\000T\000h\000e\000\040\000A\000e\000t\000h\000e\000r\000-\000L\000i\000n\000k\000:\000\040\000F\000o\000r\000m\000a\000l\000\040\000V\000e\000r\000i\000f\000i\000c\000a\000t\000i\000o\000n\000\040\000C\000o\000r\000e}{section.2}% 4
\BOOKMARK [2][-]{subsection.2.3}{\376\377\000T\000h\000e\000\040\000C\000o\000n\000t\000i\000n\000u\000o\000u\000s\000\040\000L\000e\000a\000r\000n\000i\000n\000g\000\040\000L\000o\000o\000p}{section.2}% 5
\BOOKMARK [1][-]{section.3}{\376\377\000T\000h\000e\000\040\000T\000e\000n\000\040\000T\000h\000e\000o\000r\000e\000m\000s\000\040\000o\000f\000\040\000E\000p\000s\000i\000l\000o\000n\000-\000H\000o\000l\000l\000o\000w}{}% 6
\BOOKMARK [2][-]{subsection.3.1}{\376\377\000T\0001\000:\000\040\000T\000o\000p\000o\000l\000o\000g\000i\000c\000a\000l\000\040\000S\000t\000a\000t\000e\000\040\000S\000y\000n\000c\000h\000r\000o\000n\000i\000z\000a\000t\000i\000o\000n\000\040\000\050\000T\000S\000S\000\051}{section.3}% 7
\BOOKMARK [2][-]{subsection.3.2}{\376\377\000T\0002\000:\000\040\000S\000p\000e\000c\000t\000r\000a\000l\000\040\000C\000o\000n\000t\000r\000a\000c\000t\000i\000o\000n\000\040\000M\000a\000p\000p\000i\000n\000g\000\040\000\050\000S\000C\000M\000\051}{section.3}% 8
\BOOKMARK [2][-]{subsection.3.3}{\376\377\000T\0003\000:\000\040\000G\000e\000o\000d\000e\000s\000i\000c\000\040\000M\000e\000m\000o\000r\000y\000\040\000C\000o\000n\000s\000o\000l\000i\000d\000a\000t\000i\000o\000n\000\040\000\050\000G\000M\000C\000\051}{section.3}% 9
\BOOKMARK [2][-]{subsection.3.4}{\376\377\000T\0004\000:\000\040\000A\000d\000a\000p\000t\000i\000v\000e\000\040\000G\000o\000v\000e\000r\000n\000o\000r\000\040\000C\000o\000n\000v\000e\000r\000g\000e\000n\000c\000e\000\040\000R\000a\000t\000e\000\040\000\050\000A\000G\000C\000R\000\051}{section.3}% 10
\BOOKMARK [2][-]{subsection.3.5}{\376\377\000T\0005\000:\000\040\000H\000y\000p\000e\000r\000b\000o\000l\000i\000c\000\040\000C\000a\000p\000a\000c\000i\000t\000y\000\040\000S\000e\000p\000a\000r\000a\000t\000i\000o\000n\000\040\000\050\000H\000C\000S\000\051}{section.3}% 11
\BOOKMARK [2][-]{subsection.3.6}{\376\377\000T\0006\000:\000\040\000R\000i\000n\000g\000-\000A\000l\000l\000r\000e\000d\000u\000c\000e\000\040\000G\000r\000a\000d\000i\000e\000n\000t\000\040\000C\000o\000h\000e\000r\000e\000n\000c\000e\000\040\000\050\000R\000G\000C\000S\000\051}{section.3}% 12
\BOOKMARK [2][-]{subsection.3.7}{\376\377\000T\0007\000:\000\040\000P\000e\000r\000s\000i\000s\000t\000e\000n\000t\000\040\000H\000o\000m\000o\000l\000o\000g\000y\000\040\000K\000V\000-\000C\000a\000c\000h\000e\000\040\000P\000a\000r\000t\000i\000t\000i\000o\000n\000i\000n\000g\000\040\000\050\000P\000H\000K\000P\000\051}{section.3}% 13
\BOOKMARK [2][-]{subsection.3.8}{\376\377\000T\0008\000:\000\040\000T\000h\000e\000r\000m\000o\000d\000y\000n\000a\000m\000i\000c\000\040\000E\000r\000a\000s\000u\000r\000e\000\040\000B\000o\000u\000n\000d\000\040\000\050\000T\000E\000B\000\051}{section.3}% 14
\BOOKMARK [2][-]{subsection.3.9}{\376\377\000T\0009\000:\000\040\000C\000r\000o\000s\000s\000-\000M\000a\000n\000i\000f\000o\000l\000d\000\040\000A\000l\000i\000g\000n\000m\000e\000n\000t\000\040\000\050\000C\000M\000A\000\051}{section.3}% 15
\BOOKMARK [2][-]{subsection.3.10}{\376\377\000T\0001\0000\000:\000\040\000W\000o\000r\000l\000d\000\040\000M\000o\000d\000e\000l\000\040\000P\000r\000e\000d\000i\000c\000t\000i\000v\000e\000\040\000H\000o\000r\000i\000z\000o\000n\000\040\000B\000o\000u\000n\000d\000\040\000\050\000W\000P\000H\000B\000\051}{section.3}% 16
\BOOKMARK [1][-]{section.4}{\376\377\000T\000h\000e\000\040\000U\000n\000i\000f\000i\000e\000d\000\040\000W\000o\000r\000l\000d\000\040\000M\000o\000d\000e\000l}{}% 17
\BOOKMARK [2][-]{subsection.4.1}{\376\377\000L\000a\000t\000e\000n\000t\000P\000r\000e\000d\000i\000c\000t\000o\000r}{section.4}% 18
\BOOKMARK [2][-]{subsection.4.2}{\376\377\000R\000e\000w\000a\000r\000d\000P\000r\000e\000d\000i\000c\000t\000o\000r}{section.4}% 19
\BOOKMARK [2][-]{subsection.4.3}{\376\377\000L\000i\000q\000u\000i\000d\000M\000e\000m\000o\000r\000y\000W\000o\000r\000l\000d\000M\000o\000d\000e\000l}{section.4}% 20
\BOOKMARK [1][-]{section.5}{\376\377\000H\0001\0000\0000\000\040\000S\000c\000a\000l\000e\000\040\000A\000n\000a\000l\000y\000s\000i\000s}{}% 21
\BOOKMARK [1][-]{section.6}{\376\377\000C\000o\000n\000c\000l\000u\000s\000i\000o\000n}{}% 22
